<?xml version="1.0" encoding="UTF-8"?>
<testng-results ignored="0" total="2" passed="2" failed="0" skipped="0">
  <reporter-output>
  </reporter-output>
  <suite started-at="2022-10-01T20:18:13 IST" name="Suite" finished-at="2022-10-01T20:19:52 IST" duration-ms="98763">
    <groups>
    </groups>
    <test started-at="2022-10-01T20:18:13 IST" name="Test" finished-at="2022-10-01T20:19:52 IST" duration-ms="98763">
      <class name="com.ecom.webapp.application">
        <test-method is-config="true" signature="startbrowser()[pri:0, instance:com.ecom.webapp.application@5ba3f27a]" started-at="2022-10-01T20:18:13 IST" name="startbrowser" finished-at="2022-10-01T20:18:26 IST" duration-ms="13053" status="PASS">
          <reporter-output>
          </reporter-output>
        </test-method> <!-- startbrowser -->
        <test-method signature="register()[pri:1, instance:com.ecom.webapp.application@5ba3f27a]" started-at="2022-10-01T20:18:26 IST" name="register" finished-at="2022-10-01T20:19:00 IST" duration-ms="33680" status="PASS">
          <reporter-output>
          </reporter-output>
        </test-method> <!-- register -->
        <test-method is-config="true" signature="closeBrowser()[pri:0, instance:com.ecom.webapp.application@5ba3f27a]" started-at="2022-10-01T20:19:00 IST" name="closeBrowser" finished-at="2022-10-01T20:19:04 IST" duration-ms="4086" status="PASS">
          <reporter-output>
          </reporter-output>
        </test-method> <!-- closeBrowser -->
        <test-method is-config="true" signature="startbrowser()[pri:0, instance:com.ecom.webapp.application@5ba3f27a]" started-at="2022-10-01T20:19:04 IST" name="startbrowser" finished-at="2022-10-01T20:19:21 IST" duration-ms="16797" status="PASS">
          <reporter-output>
          </reporter-output>
        </test-method> <!-- startbrowser -->
        <test-method signature="login()[pri:2, instance:com.ecom.webapp.application@5ba3f27a]" started-at="2022-10-01T20:19:21 IST" name="login" finished-at="2022-10-01T20:19:47 IST" duration-ms="26760" status="PASS">
          <reporter-output>
          </reporter-output>
        </test-method> <!-- login -->
        <test-method is-config="true" signature="closeBrowser()[pri:0, instance:com.ecom.webapp.application@5ba3f27a]" started-at="2022-10-01T20:19:47 IST" name="closeBrowser" finished-at="2022-10-01T20:19:52 IST" duration-ms="4332" status="PASS">
          <reporter-output>
          </reporter-output>
        </test-method> <!-- closeBrowser -->
      </class> <!-- com.ecom.webapp.application -->
    </test> <!-- Test -->
  </suite> <!-- Suite -->
</testng-results>
