<?xml version="1.0" encoding="UTF-8"?>
<testng-results ignored="0" total="1" passed="1" failed="0" skipped="0">
  <reporter-output>
  </reporter-output>
  <suite started-at="2022-10-11T20:24:59 IST" name="Default suite" finished-at="2022-10-11T20:26:22 IST" duration-ms="82217">
    <groups>
    </groups>
    <test started-at="2022-10-11T20:24:59 IST" name="Default test" finished-at="2022-10-11T20:26:22 IST" duration-ms="82217">
      <class name="flipkarttest.Flipkart">
        <test-method is-config="true" signature="beforeMethod()[pri:0, instance:flipkarttest.Flipkart@3a7442c7]" started-at="2022-10-11T20:24:59 IST" name="beforeMethod" finished-at="2022-10-11T20:25:19 IST" duration-ms="19509" status="PASS">
          <reporter-output>
          </reporter-output>
        </test-method> <!-- beforeMethod -->
        <test-method signature="flipkart()[pri:0, instance:flipkarttest.Flipkart@3a7442c7]" started-at="2022-10-11T20:25:19 IST" name="flipkart" finished-at="2022-10-11T20:26:22 IST" duration-ms="62611" status="PASS">
          <reporter-output>
          </reporter-output>
        </test-method> <!-- flipkart -->
        <test-method is-config="true" signature="afterMethod()[pri:0, instance:flipkarttest.Flipkart@3a7442c7]" started-at="2022-10-11T20:26:22 IST" name="afterMethod" finished-at="2022-10-11T20:26:22 IST" duration-ms="0" status="PASS">
          <reporter-output>
          </reporter-output>
        </test-method> <!-- afterMethod -->
      </class> <!-- flipkarttest.Flipkart -->
    </test> <!-- Default test -->
  </suite> <!-- Default suite -->
</testng-results>
