<?xml version="1.0" encoding="UTF-8"?>
<testng-results ignored="0" total="8" passed="8" failed="0" skipped="0">
  <reporter-output>
  </reporter-output>
  <suite started-at="2022-09-27T11:37:51 IST" name="Suite" finished-at="2022-09-27T11:37:52 IST" duration-ms="107">
    <groups>
    </groups>
    <test started-at="2022-09-27T11:37:51 IST" name="Test" finished-at="2022-09-27T11:37:52 IST" duration-ms="107">
      <class name="loanapplications.CarLoanApplicationTests">
        <test-method signature="CarLoanLoginAPI()[pri:0, instance:loanapplications.CarLoanApplicationTests@4d910fd6]" started-at="2022-09-27T11:37:52 IST" name="CarLoanLoginAPI" finished-at="2022-09-27T11:37:52 IST" duration-ms="2" status="PASS">
          <reporter-output>
          </reporter-output>
        </test-method> <!-- CarLoanLoginAPI -->
        <test-method signature="CarLoanLoginMobile()[pri:0, instance:loanapplications.CarLoanApplicationTests@4d910fd6]" started-at="2022-09-27T11:37:52 IST" name="CarLoanLoginMobile" finished-at="2022-09-27T11:37:52 IST" duration-ms="2" status="PASS">
          <reporter-output>
          </reporter-output>
        </test-method> <!-- CarLoanLoginMobile -->
        <test-method signature="CarLoanLoginWeb()[pri:0, instance:loanapplications.CarLoanApplicationTests@4d910fd6]" started-at="2022-09-27T11:37:52 IST" name="CarLoanLoginWeb" finished-at="2022-09-27T11:37:52 IST" duration-ms="1" status="PASS">
          <reporter-output>
          </reporter-output>
        </test-method> <!-- CarLoanLoginWeb -->
      </class> <!-- loanapplications.CarLoanApplicationTests -->
      <class name="loanapplications.HomeLoanApplicationTests">
        <test-method signature="HomeLoanLoginAPI()[pri:0, instance:loanapplications.HomeLoanApplicationTests@77eca502]" started-at="2022-09-27T11:37:52 IST" name="HomeLoanLoginAPI" finished-at="2022-09-27T11:37:52 IST" duration-ms="1" status="PASS">
          <reporter-output>
          </reporter-output>
        </test-method> <!-- HomeLoanLoginAPI -->
        <test-method signature="HomeLoanLoginMobile()[pri:0, instance:loanapplications.HomeLoanApplicationTests@77eca502]" started-at="2022-09-27T11:37:52 IST" name="HomeLoanLoginMobile" finished-at="2022-09-27T11:37:52 IST" duration-ms="1" status="PASS">
          <reporter-output>
          </reporter-output>
        </test-method> <!-- HomeLoanLoginMobile -->
        <test-method signature="HomeLoanLoginWeb()[pri:0, instance:loanapplications.HomeLoanApplicationTests@77eca502]" started-at="2022-09-27T11:37:52 IST" name="HomeLoanLoginWeb" finished-at="2022-09-27T11:37:52 IST" duration-ms="2" status="PASS">
          <reporter-output>
          </reporter-output>
        </test-method> <!-- HomeLoanLoginWeb -->
      </class> <!-- loanapplications.HomeLoanApplicationTests -->
      <class name="testpkg.sample2">
        <test-method signature="demo2()[pri:0, instance:testpkg.sample2@140c9f39]" started-at="2022-09-27T11:37:52 IST" name="demo2" finished-at="2022-09-27T11:37:52 IST" duration-ms="3" status="PASS">
          <reporter-output>
          </reporter-output>
        </test-method> <!-- demo2 -->
      </class> <!-- testpkg.sample2 -->
      <class name="testpkg.sample1">
        <test-method signature="demo()[pri:0, instance:testpkg.sample1@37858383]" started-at="2022-09-27T11:37:52 IST" name="demo" finished-at="2022-09-27T11:37:52 IST" duration-ms="10" status="PASS">
          <reporter-output>
          </reporter-output>
        </test-method> <!-- demo -->
      </class> <!-- testpkg.sample1 -->
    </test> <!-- Test -->
  </suite> <!-- Suite -->
</testng-results>
